#
# There is insufficient memory for the Java Runtime Environment to continue.
# Native memory allocation (mmap) failed to map 134217728 bytes for Failed to commit area from 0x0000000081800000 to 0x0000000089800000 of length 134217728.
# Possible reasons:
#   The system is out of physical RAM or swap space
#   The process is running with CompressedOops enabled, and the Java Heap may be blocking the growth of the native heap
# Possible solutions:
#   Reduce memory load on the system
#   Increase physical memory or swap space
#   Check if swap backing store is full
#   Decrease Java heap size (-Xmx/-Xms)
#   Decrease number of Java threads
#   Decrease Java thread stack sizes (-Xss)
#   Set larger code cache with -XX:ReservedCodeCacheSize=
# This output file may be truncated or incomplete.
#
#  Out of Memory Error (t:/workspace/open/src/hotspot/os/windows/os_windows.cpp:3301), pid=5384, tid=4764
#
# JRE version:  (13.0.2+8) (build )
# Java VM: Java HotSpot(TM) 64-Bit Server VM (13.0.2+8, mixed mode, aot, sharing, tiered, compressed oops, g1 gc, windows-amd64)
# No core dump will be written. Minidumps are not enabled by default on client versions of Windows
#

---------------  S U M M A R Y ------------

Command Line: -Dfile.encoding=Cp1252 aula13maio.AnoBissexto

Host: Intel(R) Core(TM) i5-3230M CPU @ 2.60GHz, 4 cores, 7G,  Windows 10 , 64 bit Build 18362 (10.0.18362.329)
Time: Thu May 14 20:28:59 2020 Hora oficial do Brasil elapsed time: 0 seconds (0d 0h 0m 0s)

---------------  T H R E A D  ---------------

Current thread (0x0000021f4186b000):  JavaThread "Unknown thread" [_thread_in_vm, id=4764, stack(0x0000002898000000,0x0000002898100000)]

Stack: [0x0000002898000000,0x0000002898100000]
Native frames: (J=compiled Java code, j=interpreted, Vv=VM code, C=native code)
V  [jvm.dll+0x624f9a]
V  [jvm.dll+0x770cfa]
V  [jvm.dll+0x7724af]
V  [jvm.dll+0x772ab3]
V  [jvm.dll+0x24bf08]
V  [jvm.dll+0x6222aa]
V  [jvm.dll+0x6170b5]
V  [jvm.dll+0x30a88c]
V  [jvm.dll+0x30a6c2]
V  [jvm.dll+0x30fe36]
V  [jvm.dll+0x353f46]
V  [jvm.dll+0x353720]
V  [jvm.dll+0x2e550a]
V  [jvm.dll+0x2e67a2]
V  [jvm.dll+0x74dd78]
V  [jvm.dll+0x361989]
V  [jvm.dll+0x730e65]
V  [jvm.dll+0x3cc53f]
V  [jvm.dll+0x3ce861]
C  [jli.dll+0x51ff]
C  [ucrtbase.dll+0x20e72]
C  [KERNEL32.DLL+0x17bd4]
C  [ntdll.dll+0x6ced1]


---------------  P R O C E S S  ---------------

Threads class SMR info:
_java_thread_list=0x00007ffbfafaccb8, length=0, elements={
}

Java Threads: ( => current thread )

Other Threads:
  0x0000021f418af000 GCTaskThread "GC Thread#0" [stack: 0x0000002898100000,0x0000002898200000] [id=8656]
  0x0000021f418c0800 ConcurrentGCThread "G1 Main Marker" [stack: 0x0000002898200000,0x0000002898300000] [id=3076]
  0x0000021f418c2800 ConcurrentGCThread "G1 Conc#0" [stack: 0x0000002898300000,0x0000002898400000] [id=9852]

[error occurred during error reporting (printing all threads), id 0xc0000005, EXCEPTION_ACCESS_VIOLATION (0xc0000005) at pc=0x00007ffbfa7e51d7]

VM state:not at safepoint (not fully initialized)

VM Mutex/Monitor currently owned by a thread:  ([mutex/lock_event])
[0x0000021f418666f0] Heap_lock - owner thread: 0x0000021f4186b000

Heap address: 0x0000000081800000, size: 2024 MB, Compressed Oops mode: Non-zero based: 0x0000000081800000
Narrow klass base: 0x0000000000000000, Narrow klass shift: 0

GC Heap History (0 events):
No events

Deoptimization events (0 events):
No events

Classes unloaded (0 events):
No events

Classes redefined (0 events):
No events

Internal exceptions (0 events):
No events

Events (8 events):
Event: 0.010 Loaded shared library C:\Program Files\Java\jdk-13.0.2\bin\zip.dll
Event: 0.010 Loaded shared library C:\Program Files\Java\jdk-13.0.2\bin\jimage.dll
Event: 0.012 Loading shared library C:\Program Files\Java\jdk-13.0.2\lib\libjava.base-coop.dll failed, error code 126
Event: 0.012 Loading shared library C:\Program Files\Java\jdk-13.0.2\lib\libjava.logging-coop.dll failed, error code 126
Event: 0.013 Loading shared library C:\Program Files\Java\jdk-13.0.2\lib\libjdk.compiler-coop.dll failed, error code 126
Event: 0.013 Loading shared library C:\Program Files\Java\jdk-13.0.2\lib\libjdk.scripting.nashorn-coop.dll failed, error code 126
Event: 0.013 Loading shared library C:\Program Files\Java\jdk-13.0.2\lib\libjdk.internal.vm.ci-coop.dll failed, error code 126
Event: 0.013 Loading shared library C:\Program Files\Java\jdk-13.0.2\lib\libjdk.internal.vm.compiler-coop.dll failed, error code 126


Dynamic libraries:
0x00007ff6a7ca0000 - 0x00007ff6a7caf000 	C:\Program Files\Java\jdk-13.0.2\bin\javaw.exe
0x00007ffc29580000 - 0x00007ffc29770000 	C:\WINDOWS\SYSTEM32\ntdll.dll
0x00007ffc27de0000 - 0x00007ffc27e92000 	C:\WINDOWS\System32\KERNEL32.DLL
0x00007ffc269d0000 - 0x00007ffc26c73000 	C:\WINDOWS\System32\KERNELBASE.dll
0x00007ffc27530000 - 0x00007ffc2762a000 	C:\WINDOWS\System32\ucrtbase.dll
0x00007ffc22d70000 - 0x00007ffc22d85000 	C:\Program Files\Java\jdk-13.0.2\bin\VCRUNTIME140.dll
0x00007ffc22d90000 - 0x00007ffc22da8000 	C:\Program Files\Java\jdk-13.0.2\bin\jli.dll
0x00007ffc29360000 - 0x00007ffc29403000 	C:\WINDOWS\System32\ADVAPI32.dll
0x00007ffc292c0000 - 0x00007ffc2935e000 	C:\WINDOWS\System32\msvcrt.dll
0x00007ffc28ed0000 - 0x00007ffc28f67000 	C:\WINDOWS\System32\sechost.dll
0x00007ffc27c20000 - 0x00007ffc27d40000 	C:\WINDOWS\System32\RPCRT4.dll
0x00007ffc28150000 - 0x00007ffc282e4000 	C:\WINDOWS\System32\USER32.dll
0x00007ffc27480000 - 0x00007ffc274a1000 	C:\WINDOWS\System32\win32u.dll
0x00007ffc27db0000 - 0x00007ffc27dd6000 	C:\WINDOWS\System32\GDI32.dll
0x00007ffc266c0000 - 0x00007ffc26854000 	C:\WINDOWS\System32\gdi32full.dll
0x00007ffc26620000 - 0x00007ffc266be000 	C:\WINDOWS\System32\msvcp_win.dll
0x00007ffc17770000 - 0x00007ffc179f5000 	C:\WINDOWS\WinSxS\amd64_microsoft.windows.common-controls_6595b64144ccf1df_6.0.18362.720_none_e6beb5c51314836b\COMCTL32.dll
0x00007ffc28b80000 - 0x00007ffc28eb6000 	C:\WINDOWS\System32\combase.dll
0x00007ffc274b0000 - 0x00007ffc27530000 	C:\WINDOWS\System32\bcryptPrimitives.dll
0x00007ffc1c320000 - 0x00007ffc1c32a000 	C:\WINDOWS\SYSTEM32\VERSION.dll
0x00007ffc27f60000 - 0x00007ffc27f8e000 	C:\WINDOWS\System32\IMM32.DLL
0x00007ffc11cb0000 - 0x00007ffc11d4b000 	C:\Program Files\Java\jdk-13.0.2\bin\msvcp140.dll
0x00007ffbfa4f0000 - 0x00007ffbfb04d000 	C:\Program Files\Java\jdk-13.0.2\bin\server\jvm.dll
0x00007ffc28140000 - 0x00007ffc28148000 	C:\WINDOWS\System32\PSAPI.DLL
0x00007ffc22060000 - 0x00007ffc22069000 	C:\WINDOWS\SYSTEM32\WSOCK32.dll
0x00007ffc28b10000 - 0x00007ffc28b7f000 	C:\WINDOWS\System32\WS2_32.dll
0x00007ffc23100000 - 0x00007ffc23124000 	C:\WINDOWS\SYSTEM32\WINMM.dll
0x00007ffc230d0000 - 0x00007ffc230fd000 	C:\WINDOWS\SYSTEM32\WINMMBASE.dll
0x00007ffc27400000 - 0x00007ffc2744a000 	C:\WINDOWS\System32\cfgmgr32.dll
0x00007ffc26450000 - 0x00007ffc26461000 	C:\WINDOWS\System32\kernel.appcore.dll
0x00007ffc21a70000 - 0x00007ffc21a80000 	C:\Program Files\Java\jdk-13.0.2\bin\verify.dll
0x00007ffc16ff0000 - 0x00007ffc171e4000 	C:\WINDOWS\SYSTEM32\DBGHELP.DLL
0x00007ffc17a70000 - 0x00007ffc17a9a000 	C:\WINDOWS\SYSTEM32\dbgcore.DLL
0x00007ffc1bd40000 - 0x00007ffc1bd66000 	C:\Program Files\Java\jdk-13.0.2\bin\java.dll
0x00007ffc1bd20000 - 0x00007ffc1bd37000 	C:\Program Files\Java\jdk-13.0.2\bin\zip.dll
0x00007ffc20110000 - 0x00007ffc2011a000 	C:\Program Files\Java\jdk-13.0.2\bin\jimage.dll

dbghelp: loaded successfully - version: 4.0.5 - missing functions: none
symbol engine: initialized successfully - sym options: 0x614 - pdb path: .;C:\Program Files\Java\jdk-13.0.2\bin;C:\WINDOWS\SYSTEM32;C:\WINDOWS\WinSxS\amd64_microsoft.windows.common-controls_6595b64144ccf1df_6.0.18362.720_none_e6beb5c51314836b;C:\Program Files\Java\jdk-13.0.2\bin\server

VM Arguments:
jvm_args: -Dfile.encoding=Cp1252 
java_command: aula13maio.AnoBissexto
java_class_path (initial): C:\Users\Taua Ferreira\eclipse-workspace\aula13maio\bin
Launcher Type: SUN_STANDARD

[Global flags]
     intx CICompilerCount                          = 3                                         {product} {ergonomic}
     uint ConcGCThreads                            = 1                                         {product} {ergonomic}
     uint G1ConcRefinementThreads                  = 4                                         {product} {ergonomic}
   size_t G1HeapRegionSize                         = 1048576                                   {product} {ergonomic}
    uintx GCDrainStackTargetSize                   = 64                                        {product} {ergonomic}
   size_t InitialHeapSize                          = 134217728                                 {product} {ergonomic}
   size_t MarkStackSize                            = 4194304                                   {product} {ergonomic}
   size_t MaxHeapSize                              = 2122317824                                {product} {ergonomic}
   size_t MinHeapDeltaBytes                        = 1048576                                   {product} {ergonomic}
   size_t MinHeapSize                              = 8388608                                   {product} {ergonomic}
    uintx NonNMethodCodeHeapSize                   = 5832780                                {pd product} {ergonomic}
    uintx NonProfiledCodeHeapSize                  = 122912730                              {pd product} {ergonomic}
    uintx ProfiledCodeHeapSize                     = 122912730                              {pd product} {ergonomic}
    uintx ReservedCodeCacheSize                    = 251658240                              {pd product} {ergonomic}
     bool SegmentedCodeCache                       = true                                      {product} {ergonomic}
   size_t SoftMaxHeapSize                          = 2122317824                             {manageable} {ergonomic}
     bool UseCompressedClassPointers               = true                                 {lp64_product} {ergonomic}
     bool UseCompressedOops                        = true                                 {lp64_product} {ergonomic}
     bool UseG1GC                                  = true                                      {product} {ergonomic}
     bool UseLargePagesIndividualAllocation        = false                                  {pd product} {ergonomic}

Logging:
Log output configuration:
 #0: stdout all=warning uptime,level,tags
 #1: stderr all=off uptime,level,tags

Environment Variables:
PATH=C:/Program Files/Java/jdk-13.0.2/bin/server;C:/Program Files/Java/jdk-13.0.2/bin;C:\Program Files (x86)\Common Files\Oracle\Java\javapath;C:\Program Files (x86)\Common Files\Intel\Shared Libraries\redist\intel64\compiler;C:\Program Files (x86)\Intel\TXE Components\TCS\;C:\Program Files\Intel\TXE Components\TCS\;C:\WINDOWS\system32;C:\WINDOWS;C:\WINDOWS\System32\Wbem;C:\WINDOWS\System32\WindowsPowerShell\v1.0\;C:\WINDOWS\System32\OpenSSH\;C:\Users\Taua Ferreira\AppData\Local\Microsoft\WindowsApps;;C:\WINDOWS\system32;
USERNAME=Taua Ferreira
OS=Windows_NT
PROCESSOR_IDENTIFIER=Intel64 Family 6 Model 58 Stepping 9, GenuineIntel



---------------  S Y S T E M  ---------------

OS: Windows 10 , 64 bit Build 18362 (10.0.18362.329)

CPU:total 4 (initial active 4) (2 cores per cpu, 2 threads per core) family 6 model 58 stepping 9, cmov, cx8, fxsr, mmx, sse, sse2, sse3, ssse3, sse4.1, sse4.2, popcnt, avx, aes, clmul, erms, ht, tsc, tscinvbit, tscinv

Memory: 4k page, system-wide physical 8089M (622M free)
TotalPageFile size 8089M (AvailPageFile size 118M)
current process WorkingSet (physical memory assigned to process): 10M, peak: 10M
current process commit charge ("private bytes"): 52M, peak: 179M

vm_info: Java HotSpot(TM) 64-Bit Server VM (13.0.2+8) for windows-amd64 JRE (13.0.2+8), built on Dec 11 2019 09:20:33 by "mach5one" with unknown MS VC++:1916

END.
